\BOOKMARK [1][-]{section.1}{Introduction}{}% 1
\BOOKMARK [1][-]{section.2}{Diagramming Notation}{}% 2
\BOOKMARK [2][-]{subsection.2.1}{General Diagramming Rules}{section.2}% 3
\BOOKMARK [2][-]{subsection.2.2}{Diagramming Notation}{section.2}% 4
\BOOKMARK [3][-]{subsubsection.2.2.1}{Folds}{subsection.2.2}% 5
\BOOKMARK [3][-]{subsubsection.2.2.2}{Arrows}{subsection.2.2}% 6
\BOOKMARK [3][-]{subsubsection.2.2.3}{Clarifying Diagrams}{subsection.2.2}% 7
\BOOKMARK [3][-]{subsubsection.2.2.4}{Folding Procedures}{subsection.2.2}% 8
\BOOKMARK [1][-]{section.3}{Requirement Analysis}{}% 9
\BOOKMARK [2][-]{subsection.3.1}{Diagramming Symbols}{section.3}% 10
\BOOKMARK [2][-]{subsection.3.2}{General Diagramming Rules}{section.3}% 11
\BOOKMARK [2][-]{subsection.3.3}{General Program Tools}{section.3}% 12
\BOOKMARK [1][-]{section.4}{Program Features and Use}{}% 13
\BOOKMARK [1][-]{section.5}{Problems \046 other Findings}{}% 14
\BOOKMARK [2][-]{subsection.5.1}{Displaying of Arrows/Symbols}{section.5}% 15
\BOOKMARK [2][-]{subsection.5.2}{Breaking Calculations}{section.5}% 16
\BOOKMARK [2][-]{subsection.5.3}{Saving and Opening Files}{section.5}% 17
\BOOKMARK [2][-]{subsection.5.4}{Crossing Lines}{section.5}% 18
\BOOKMARK [1][-]{section.6}{Prospect}{}% 19
\BOOKMARK [2][-]{subsection.6.1}{Export to .pdf}{section.6}% 20
\BOOKMARK [2][-]{subsection.6.2}{``Intelligent'' Input Functions}{section.6}% 21
\BOOKMARK [2][-]{subsection.6.3}{Input Validation}{section.6}% 22
\BOOKMARK [2][-]{subsection.6.4}{Further Polishing}{section.6}% 23
\BOOKMARK [2][-]{subsection.6.5}{General Usability Improvements}{section.6}% 24
\BOOKMARK [1][-]{section*.52}{Glossary}{}% 25
